********************************************************************************
DUPLICATOR-LITE PACKAGE-LOG: June 10, 2025 10:24 am
NOTICE: Do NOT post to public sites or forums 
********************************************************************************
VERSION:	1.5.11.2
WORDPRESS:	6.7.2
PHP INFO:	8.0.30 | SAPI: apache2handler
SERVER:		Apache/2.4.58 (Win64) OpenSSL/3.1.3 PHP/8.0.30 
PHP TIME LIMIT: (0) no time limit imposed 
PHP MAX MEMORY: 4294967296 (1024M default) 
MEMORY STACK: 40MB

********************************************************************************
DATABASE:
********************************************************************************
BUILD MODE:   MYSQLDUMP
MYSQLTIMEOUT: 5000
MYSQLDUMP:    Is Supported
SQL CREATED: 20250610_tasktrakhub_3773bc09aa3e2dd25595_20250610102442_database.sql
SQL FILE SIZE: 978.63KB (1002121)
SQL FILE TIME: 2025-06-10 10:24:58
SQL RUNTIME: 2.53 sec.

********************************************************************************
ARCHIVE (ZIP):
********************************************************************************
ARCHIVE DIR:  C:/xampp/htdocs/wordpess_projects/tasktrakhub/tasktrakhub
ARCHIVE FILE: 20250610_tasktrakhub_3773bc09aa3e2dd25595_20250610102442_archive.zip
FILTERS: *OFF*
DIRS:
	not set
FILES:
	not set
EXTS:  not set
----------------------------------------
COMPRESSING
SIZE:	93.34MB
STATS:	Dirs 560 | Files 3,989
SQL ADDED: 20250610_tasktrakhub_3773bc09aa3e2dd25595_20250610102442_database.sql
ZipArchive Object
(
    [lastId] => 4548
    [status] => 0
    [statusSys] => 0
    [numFiles] => 4549
    [filename] => C:\xampp\htdocs\wordpess_projects\tasktrakhub\tasktrakhub\wp-content\backups-dup-lite\tmp\20250610_tasktrakhub_3773bc09aa3e2dd25595_20250610102442_archive.zip
    [comment] => 
)

FILE ADDED TO ZIP: 4548
COMPRESSION RESULT: '1'
COMPRESSED SIZE: 42.49MB
ARCHIVE RUNTIME: 22.55 sec.
MEMORY STACK: 42MB
building installer
ARCHIVE CONSISTENCY TEST: PASS

********************************************************************************
INTEGRITY CHECKS:
********************************************************************************
SQL FILE: 978.63KB
INSTALLER FILE: 73.49KB
ARCHIVE FILE: 44.33MB 
EXPECTED FILE/DIRECTORY COUNT: 4,549
ACTUAL FILE/DIRECTORY COUNT: 4,548
ARCHIVE CONSISTENCY TEST: Pass

********************************************************************************
RECORD ID:[2]
TOTAL PROCESS RUNTIME: 28.14 sec.
PEAK PHP MEMORY USED: 42MB
DONE PROCESSING => 20250610_tasktrakhub June 10, 2025 10:25 am

